<?xml version="1.0" encoding="UTF-8"?>
<testsuite xmlns:xsi="http://www.w3.org/2001/XMLSchema-instance" xsi:noNamespaceSchemaLocation="https://maven.apache.org/surefire/maven-surefire-plugin/xsd/surefire-test-report-3.0.xsd" version="3.0" name="com.isbn.BookTest" time="5.669" tests="11" errors="0" skipped="0" failures="0">
  <properties>
[...]
</properties>
  <testcase name="testValidBookRetrieval(String, String, String)[1]" classname="com.isbn.BookTest" time="1.469"/>
  <testcase name="testValidBookRetrieval(String, String, String)[1]" classname="com.isbn.BookTest" time="0.427"/>
  <testcase name="testValidBookRetrieval(String, String, String)[2]" classname="com.isbn.BookTest" time="0.904"/>
  <testcase name="testValidBookRetrieval(String, String, String)[2]" classname="com.isbn.BookTest" time="0.396"/>
  <testcase name="testValidBookRetrieval(String, String, String)[3]" classname="com.isbn.BookTest" time="0.389"/>
  <testcase name="testValidBookRetrieval(String, String, String)[3]" classname="com.isbn.BookTest" time="0.972"/>
  <testcase name="testRepeated" classname="com.isbn.BookTest" time="0.437"/>
  <testcase name="testRepeated" classname="com.isbn.BookTest" time="0.419"/>
  <testcase name="testRepeated" classname="com.isbn.BookTest" time="0.424"/>
  <testcase name="testRepeated" classname="com.isbn.BookTest" time="0.425"/>
  <testcase name="testRepeated" classname="com.isbn.BookTest" time="0.474"/>
  <testcase name="testRepeated" classname="com.isbn.BookTest" time="0.434"/>
  <testcase name="testRepeated" classname="com.isbn.BookTest" time="1.004"/>
  <testcase name="testRepeated" classname="com.isbn.BookTest" time="0.42"/>
  <testcase name="testRepeated" classname="com.isbn.BookTest" time="0.412"/>
  <testcase name="testRepeated" classname="com.isbn.BookTest" time="0.394"/>
  <testcase name="testToStringMethod(String, String, String)[1]" classname="com.isbn.BookTest" time="0.951"/>
  <testcase name="testToStringMethod(String, String, String)[1]" classname="com.isbn.BookTest" time="0.442"/>
  <testcase name="testToStringMethod(String, String, String)[2]" classname="com.isbn.BookTest" time="0.38"/>
  <testcase name="testToStringMethod(String, String, String)[2]" classname="com.isbn.BookTest" time="0.382"/>
  <testcase name="testToStringMethod(String, String, String)[3]" classname="com.isbn.BookTest" time="0.417"/>
  <testcase name="testToStringMethod(String, String, String)[3]" classname="com.isbn.BookTest" time="0.374"/>
</testsuite>