<?xml version="1.0" encoding="UTF-8"?>
<testsuite xmlns:xsi="http://www.w3.org/2001/XMLSchema-instance" xsi:noNamespaceSchemaLocation="https://maven.apache.org/surefire/maven-surefire-plugin/xsd/surefire-test-report-3.0.xsd" version="3.0" name="com.isbn.IsbnTestInvalidSymbolsAndEdgeTest" time="0.031" tests="13" errors="0" skipped="0" failures="0">
  <properties>
[...]
</properties>
  <testcase name="isValid_InvalidSymbols_IsbnIsNotValid(String)[1]" classname="com.isbn.IsbnTestInvalidSymbolsAndEdgeTest" time="0.001"/>
  <testcase name="isValid_InvalidSymbols_IsbnIsNotValid(String)[2]" classname="com.isbn.IsbnTestInvalidSymbolsAndEdgeTest" time="0.001"/>
  <testcase name="isValid_InvalidSymbols_IsbnIsNotValid(String)[3]" classname="com.isbn.IsbnTestInvalidSymbolsAndEdgeTest" time="0.001"/>
  <testcase name="isValid_InvalidSymbols_IsbnIsNotValid(String)[4]" classname="com.isbn.IsbnTestInvalidSymbolsAndEdgeTest" time="0.001"/>
  <testcase name="isValid_InvalidSymbols_IsbnIsNotValid(String)[5]" classname="com.isbn.IsbnTestInvalidSymbolsAndEdgeTest" time="0.001"/>
  <testcase name="isValid_InvalidSymbols_IsbnIsNotValid(String)[6]" classname="com.isbn.IsbnTestInvalidSymbolsAndEdgeTest" time="0.001"/>
  <testcase name="isValid_InvalidSymbols_IsbnIsNotValid(String)[7]" classname="com.isbn.IsbnTestInvalidSymbolsAndEdgeTest" time="0.001"/>
  <testcase name="isValid_InvalidSymbols_IsbnIsNotValid(String)[8]" classname="com.isbn.IsbnTestInvalidSymbolsAndEdgeTest" time="0.001"/>
  <testcase name="isValid_InvalidSymbols_IsbnIsNotValid(String)[9]" classname="com.isbn.IsbnTestInvalidSymbolsAndEdgeTest" time="0"/>
  <testcase name="isValid_InvalidSymbols_IsbnIsNotValid(String)[10]" classname="com.isbn.IsbnTestInvalidSymbolsAndEdgeTest" time="0.001"/>
  <testcase name="isValid_StringIsNullOrEmptyOrWhiteSpace_ThrowIllegalArgumentException(String)[1]" classname="com.isbn.IsbnTestInvalidSymbolsAndEdgeTest" time="0.005"/>
  <testcase name="isValid_StringIsNullOrEmptyOrWhiteSpace_ThrowIllegalArgumentException(String)[2]" classname="com.isbn.IsbnTestInvalidSymbolsAndEdgeTest" time="0"/>
  <testcase name="isValid_StringIsNullOrEmptyOrWhiteSpace_ThrowIllegalArgumentException(String)[3]" classname="com.isbn.IsbnTestInvalidSymbolsAndEdgeTest" time="0"/>
</testsuite>